<?xml version="1.0" encoding="UTF-8"?>
<testsuite name="com.revature.repository.ReimbursementDAOImplTest" tests="5" skipped="0" failures="0" errors="0" timestamp="2022-01-29T03:39:17" hostname="DESKTOP-DQ4QG63" time="3.617">
  <properties/>
  <testcase name="testAddReimbursement()" classname="com.revature.repository.ReimbursementDAOImplTest" time="0.466"/>
  <testcase name="testGetAllReimbursement()" classname="com.revature.repository.ReimbursementDAOImplTest" time="0.455"/>
  <testcase name="testGetReimbursement()" classname="com.revature.repository.ReimbursementDAOImplTest" time="0.456"/>
  <testcase name="testUpdate()" classname="com.revature.repository.ReimbursementDAOImplTest" time="1.353"/>
  <testcase name="testDelete()" classname="com.revature.repository.ReimbursementDAOImplTest" time="0.884"/>
  <system-out><![CDATA[21:39:15.642 [Test worker] DEBUG com.revature.App - Got User from database with user_id
21:39:16.093 [Test worker] DEBUG com.revature.App - Got User from database with user_id
21:39:16.551 [Test worker] DEBUG com.revature.App - Got User from database with user_id
21:39:16.994 [Test worker] DEBUG com.revature.App - Got User from database with user_id
21:39:17.451 [Test worker] DEBUG com.revature.App - Added reimbursement to the database
21:39:17.921 [Test worker] DEBUG com.revature.App - Got ReimbursementList from database
21:39:18.378 [Test worker] DEBUG com.revature.App - Got Reimbursement by id from database
21:39:19.224 [Test worker] DEBUG com.revature.App - Got Reimbursement by id from database
21:39:19.266 [Test worker] DEBUG com.revature.App - Updated reimbursement to the database
21:39:19.709 [Test worker] DEBUG com.revature.App - Got Reimbursement by id from database
21:39:20.180 [Test worker] DEBUG com.revature.App - Removed Reimbursement by id from database
21:39:20.616 [Test worker] DEBUG com.revature.App - Got Reimbursement by id from database
]]></system-out>
  <system-err><![CDATA[]]></system-err>
</testsuite>
