<?xml version="1.0" encoding="UTF-8"?>
<testsuite name="com.revature.service.ReimbursementServiceTest" tests="5" skipped="0" failures="0" errors="0" timestamp="2022-01-29T03:39:26" hostname="DESKTOP-DQ4QG63" time="0.015">
  <properties/>
  <testcase name="testDeleteReimbursementNegativeZero()" classname="com.revature.service.ReimbursementServiceTest" time="0.011"/>
  <testcase name="testGetReimbursementByStatusNull()" classname="com.revature.service.ReimbursementServiceTest" time="0.0"/>
  <testcase name="testGetReimbursementSuccess()" classname="com.revature.service.ReimbursementServiceTest" time="0.0"/>
  <testcase name="testGetReimbursementFail()" classname="com.revature.service.ReimbursementServiceTest" time="0.001"/>
  <testcase name="testGetReimbursementNegativeAndZero()" classname="com.revature.service.ReimbursementServiceTest" time="0.001"/>
  <system-out><![CDATA[]]></system-out>
  <system-err><![CDATA[]]></system-err>
</testsuite>
