<?xml version="1.0" encoding="UTF-8"?>
<testsuite name="com.revature.service.LoginServiceTest" tests="4" skipped="0" failures="0" errors="0" timestamp="2022-01-29T03:39:25" hostname="DESKTOP-DQ4QG63" time="0.424">
  <properties/>
  <testcase name="testLoginSuccess()" classname="com.revature.service.LoginServiceTest" time="0.421"/>
  <testcase name="testLoginFailUsername()" classname="com.revature.service.LoginServiceTest" time="0.001"/>
  <testcase name="testLoginFailPassword()" classname="com.revature.service.LoginServiceTest" time="0.0"/>
  <testcase name="testLoginFailBoth()" classname="com.revature.service.LoginServiceTest" time="0.001"/>
  <system-out><![CDATA[]]></system-out>
  <system-err><![CDATA[]]></system-err>
</testsuite>
